2018-02-05 23:50:57.231  INFO [status-service,,,] 10852 --- [main] com.epam.StatusServiceApplication        : No active profile set, falling back to default profiles: default
2018-02-05 23:50:57.377  INFO [status-service,,,] 10852 --- [main] ationConfigEmbeddedWebApplicationContext : Refreshing org.springframework.boot.context.embedded.AnnotationConfigEmbeddedWebApplicationContext@5313e53d: startup date [Mon Feb 05 23:50:57 CET 2018]; parent: org.springframework.context.annotation.AnnotationConfigApplicationContext@7e8114c8
2018-02-05 23:51:05.073  INFO [status-service,,,] 10852 --- [main] o.s.cloud.context.scope.GenericScope     : BeanFactory id=a2499146-c0ad-3765-8968-a423cb9113f8
2018-02-05 23:51:06.308  INFO [status-service,,,] 10852 --- [main] trationDelegate$BeanPostProcessorChecker : Bean 'org.springframework.cloud.sleuth.annotation.SleuthAnnotationAutoConfiguration' of type [org.springframework.cloud.sleuth.annotation.SleuthAnnotationAutoConfiguration$$EnhancerBySpringCGLIB$$d03cfe17] is not eligible for getting processed by all BeanPostProcessors (for example: not eligible for auto-proxying)
2018-02-05 23:51:07.956  INFO [status-service,,,] 10852 --- [main] trationDelegate$BeanPostProcessorChecker : Bean 'sleuthAdvisorConfig' of type [org.springframework.cloud.sleuth.annotation.SleuthAdvisorConfig] is not eligible for getting processed by all BeanPostProcessors (for example: not eligible for auto-proxying)
2018-02-05 23:51:07.977  INFO [status-service,,,] 10852 --- [main] trationDelegate$BeanPostProcessorChecker : Bean 'org.springframework.cloud.autoconfigure.ConfigurationPropertiesRebinderAutoConfiguration' of type [org.springframework.cloud.autoconfigure.ConfigurationPropertiesRebinderAutoConfiguration$$EnhancerBySpringCGLIB$$e9f1bae2] is not eligible for getting processed by all BeanPostProcessors (for example: not eligible for auto-proxying)
2018-02-05 23:51:08.108  INFO [status-service,,,] 10852 --- [main] trationDelegate$BeanPostProcessorChecker : Bean 'org.springframework.cloud.sleuth.instrument.async.AsyncDefaultAutoConfiguration' of type [org.springframework.cloud.sleuth.instrument.async.AsyncDefaultAutoConfiguration$$EnhancerBySpringCGLIB$$b5bb6404] is not eligible for getting processed by all BeanPostProcessors (for example: not eligible for auto-proxying)
2018-02-05 23:51:08.288  INFO [status-service,,,] 10852 --- [main] trationDelegate$BeanPostProcessorChecker : Bean 'org.springframework.cloud.sleuth.instrument.web.client.TraceWebClientAutoConfiguration' of type [org.springframework.cloud.sleuth.instrument.web.client.TraceWebClientAutoConfiguration$$EnhancerBySpringCGLIB$$7a6a8364] is not eligible for getting processed by all BeanPostProcessors (for example: not eligible for auto-proxying)
2018-02-05 23:51:11.492  INFO [status-service,,,] 10852 --- [main] s.b.c.e.t.TomcatEmbeddedServletContainer : Tomcat initialized with port(s): 8082 (http)
2018-02-05 23:51:11.616  INFO [status-service,,,] 10852 --- [main] o.apache.catalina.core.StandardService   : Starting service [Tomcat]
2018-02-05 23:51:11.619  INFO [status-service,,,] 10852 --- [main] org.apache.catalina.core.StandardEngine  : Starting Servlet Engine: Apache Tomcat/8.5.27
2018-02-05 23:51:11.986  INFO [status-service,,,] 10852 --- [localhost-startStop-1] o.a.c.c.C.[Tomcat].[localhost].[/]       : Initializing Spring embedded WebApplicationContext
2018-02-05 23:51:11.989  INFO [status-service,,,] 10852 --- [localhost-startStop-1] o.s.web.context.ContextLoader            : Root WebApplicationContext: initialization completed in 14612 ms
2018-02-05 23:51:16.173  INFO [status-service,,,] 10852 --- [localhost-startStop-1] o.s.b.w.servlet.FilterRegistrationBean   : Mapping filter: 'metricsFilter' to: [/*]
2018-02-05 23:51:16.181  INFO [status-service,,,] 10852 --- [localhost-startStop-1] o.s.b.w.servlet.FilterRegistrationBean   : Mapping filter: 'characterEncodingFilter' to: [/*]
2018-02-05 23:51:16.182  INFO [status-service,,,] 10852 --- [localhost-startStop-1] o.s.b.w.servlet.FilterRegistrationBean   : Mapping filter: 'traceFilter' to: [/*]
2018-02-05 23:51:16.183  INFO [status-service,,,] 10852 --- [localhost-startStop-1] o.s.b.w.servlet.FilterRegistrationBean   : Mapping filter: 'hiddenHttpMethodFilter' to: [/*]
2018-02-05 23:51:16.184  INFO [status-service,,,] 10852 --- [localhost-startStop-1] o.s.b.w.servlet.FilterRegistrationBean   : Mapping filter: 'httpPutFormContentFilter' to: [/*]
2018-02-05 23:51:16.184  INFO [status-service,,,] 10852 --- [localhost-startStop-1] o.s.b.w.servlet.FilterRegistrationBean   : Mapping filter: 'requestContextFilter' to: [/*]
2018-02-05 23:51:17.495  INFO [status-service,,,] 10852 --- [localhost-startStop-1] o.s.b.w.servlet.FilterRegistrationBean   : Mapping filter: 'webRequestLoggingFilter' to: [/*]
2018-02-05 23:51:17.495  INFO [status-service,,,] 10852 --- [localhost-startStop-1] o.s.b.w.servlet.FilterRegistrationBean   : Mapping filter: 'applicationContextIdFilter' to: [/*]
2018-02-05 23:51:17.497  INFO [status-service,,,] 10852 --- [localhost-startStop-1] o.s.b.w.servlet.ServletRegistrationBean  : Mapping servlet: 'dispatcherServlet' to [/]
2018-02-05 23:51:26.355  INFO [status-service,,,] 10852 --- [main] s.w.s.m.m.a.RequestMappingHandlerAdapter : Looking for @ControllerAdvice: org.springframework.boot.context.embedded.AnnotationConfigEmbeddedWebApplicationContext@5313e53d: startup date [Mon Feb 05 23:50:57 CET 2018]; parent: org.springframework.context.annotation.AnnotationConfigApplicationContext@7e8114c8
2018-02-05 23:51:27.752  INFO [status-service,,,] 10852 --- [main] s.w.s.m.m.a.RequestMappingHandlerMapping : Mapped "{[/status],methods=[GET]}" onto public com.epam.model.enums.Status com.epam.controller.StatusController.getStatusByPackageId(java.lang.String)
2018-02-05 23:51:27.758  INFO [status-service,,,] 10852 --- [main] s.w.s.m.m.a.RequestMappingHandlerMapping : Mapped "{[/status/{packageId}],methods=[POST]}" onto public void com.epam.controller.StatusController.changeStatusByPackageId(java.lang.String,com.epam.model.enums.Status)
2018-02-05 23:51:27.768  INFO [status-service,,,] 10852 --- [main] s.w.s.m.m.a.RequestMappingHandlerMapping : Mapped "{[/error]}" onto public org.springframework.http.ResponseEntity<java.util.Map<java.lang.String, java.lang.Object>> org.springframework.boot.autoconfigure.web.BasicErrorController.error(javax.servlet.http.HttpServletRequest)
2018-02-05 23:51:38.068  INFO [status-service,,,] 10852 --- [main] s.w.s.m.m.a.RequestMappingHandlerMapping : Mapped "{[/error],produces=[text/html]}" onto public org.springframework.web.servlet.ModelAndView org.springframework.boot.autoconfigure.web.BasicErrorController.errorHtml(javax.servlet.http.HttpServletRequest,javax.servlet.http.HttpServletResponse)
2018-02-05 23:51:38.811  INFO [status-service,,,] 10852 --- [main] o.s.w.s.handler.SimpleUrlHandlerMapping  : Mapped URL path [/webjars/**] onto handler of type [class org.springframework.web.servlet.resource.ResourceHttpRequestHandler]
2018-02-05 23:51:38.843  INFO [status-service,,,] 10852 --- [main] o.s.w.s.handler.SimpleUrlHandlerMapping  : Mapped URL path [/**] onto handler of type [class org.springframework.web.servlet.resource.ResourceHttpRequestHandler]
2018-02-05 23:51:43.892  INFO [status-service,,,] 10852 --- [main] o.s.w.s.handler.SimpleUrlHandlerMapping  : Mapped URL path [/**/favicon.ico] onto handler of type [class org.springframework.web.servlet.resource.ResourceHttpRequestHandler]
2018-02-05 23:51:47.804  INFO [status-service,,,] 10852 --- [main] o.s.b.a.e.mvc.EndpointHandlerMapping     : Mapped "{[/beans || /beans.json],methods=[GET],produces=[application/vnd.spring-boot.actuator.v1+json || application/json]}" onto public java.lang.Object org.springframework.boot.actuate.endpoint.mvc.EndpointMvcAdapter.invoke()
2018-02-05 23:51:47.821  INFO [status-service,,,] 10852 --- [main] o.s.b.a.e.mvc.EndpointHandlerMapping     : Mapped "{[/heapdump || /heapdump.json],methods=[GET],produces=[application/octet-stream]}" onto public void org.springframework.boot.actuate.endpoint.mvc.HeapdumpMvcEndpoint.invoke(boolean,javax.servlet.http.HttpServletRequest,javax.servlet.http.HttpServletResponse) throws java.io.IOException,javax.servlet.ServletException
2018-02-05 23:51:50.426  INFO [status-service,,,] 10852 --- [main] o.s.b.a.e.mvc.EndpointHandlerMapping     : Mapped "{[/auditevents || /auditevents.json],methods=[GET],produces=[application/vnd.spring-boot.actuator.v1+json || application/json]}" onto public org.springframework.http.ResponseEntity<?> org.springframework.boot.actuate.endpoint.mvc.AuditEventsMvcEndpoint.findByPrincipalAndAfterAndType(java.lang.String,java.util.Date,java.lang.String)
2018-02-05 23:51:50.429  INFO [status-service,,,] 10852 --- [main] o.s.b.a.e.mvc.EndpointHandlerMapping     : Mapped "{[/info || /info.json],methods=[GET],produces=[application/vnd.spring-boot.actuator.v1+json || application/json]}" onto public java.lang.Object org.springframework.boot.actuate.endpoint.mvc.EndpointMvcAdapter.invoke()
2018-02-05 23:51:50.447  INFO [status-service,,,] 10852 --- [main] o.s.b.a.e.mvc.EndpointHandlerMapping     : Mapped "{[/refresh || /refresh.json],methods=[POST]}" onto public java.lang.Object org.springframework.cloud.endpoint.GenericPostableMvcEndpoint.invoke()
2018-02-05 23:51:50.451  INFO [status-service,,,] 10852 --- [main] o.s.b.a.e.mvc.EndpointHandlerMapping     : Mapped "{[/logfile || /logfile.json],methods=[GET || HEAD]}" onto public void org.springframework.boot.actuate.endpoint.mvc.LogFileMvcEndpoint.invoke(javax.servlet.http.HttpServletRequest,javax.servlet.http.HttpServletResponse) throws javax.servlet.ServletException,java.io.IOException
2018-02-05 23:51:50.457  INFO [status-service,,,] 10852 --- [main] o.s.b.a.e.mvc.EndpointHandlerMapping     : Mapped "{[/autoconfig || /autoconfig.json],methods=[GET],produces=[application/vnd.spring-boot.actuator.v1+json || application/json]}" onto public java.lang.Object org.springframework.boot.actuate.endpoint.mvc.EndpointMvcAdapter.invoke()
2018-02-05 23:51:50.467  INFO [status-service,,,] 10852 --- [main] o.s.b.a.e.mvc.EndpointHandlerMapping     : Mapped "{[/loggers/{name:.*}],methods=[GET],produces=[application/vnd.spring-boot.actuator.v1+json || application/json]}" onto public java.lang.Object org.springframework.boot.actuate.endpoint.mvc.LoggersMvcEndpoint.get(java.lang.String)
2018-02-05 23:51:50.468  INFO [status-service,,,] 10852 --- [main] o.s.b.a.e.mvc.EndpointHandlerMapping     : Mapped "{[/loggers/{name:.*}],methods=[POST],consumes=[application/vnd.spring-boot.actuator.v1+json || application/json],produces=[application/vnd.spring-boot.actuator.v1+json || application/json]}" onto public java.lang.Object org.springframework.boot.actuate.endpoint.mvc.LoggersMvcEndpoint.set(java.lang.String,java.util.Map<java.lang.String, java.lang.String>)
2018-02-05 23:51:50.597  INFO [status-service,,,] 10852 --- [main] o.s.b.a.e.mvc.EndpointHandlerMapping     : Mapped "{[/loggers || /loggers.json],methods=[GET],produces=[application/vnd.spring-boot.actuator.v1+json || application/json]}" onto public java.lang.Object org.springframework.boot.actuate.endpoint.mvc.EndpointMvcAdapter.invoke()
2018-02-05 23:51:50.600  INFO [status-service,,,] 10852 --- [main] o.s.b.a.e.mvc.EndpointHandlerMapping     : Mapped "{[/env/{name:.*}],methods=[GET],produces=[application/vnd.spring-boot.actuator.v1+json || application/json]}" onto public java.lang.Object org.springframework.boot.actuate.endpoint.mvc.EnvironmentMvcEndpoint.value(java.lang.String)
2018-02-05 23:51:50.604  INFO [status-service,,,] 10852 --- [main] o.s.b.a.e.mvc.EndpointHandlerMapping     : Mapped "{[/env || /env.json],methods=[GET],produces=[application/vnd.spring-boot.actuator.v1+json || application/json]}" onto public java.lang.Object org.springframework.boot.actuate.endpoint.mvc.EndpointMvcAdapter.invoke()
2018-02-05 23:51:50.608  INFO [status-service,,,] 10852 --- [main] o.s.b.a.e.mvc.EndpointHandlerMapping     : Mapped "{[/metrics/{name:.*}],methods=[GET],produces=[application/vnd.spring-boot.actuator.v1+json || application/json]}" onto public java.lang.Object org.springframework.boot.actuate.endpoint.mvc.MetricsMvcEndpoint.value(java.lang.String)
2018-02-05 23:51:51.619  INFO [status-service,,,] 10852 --- [main] o.s.b.a.e.mvc.EndpointHandlerMapping     : Mapped "{[/metrics || /metrics.json],methods=[GET],produces=[application/vnd.spring-boot.actuator.v1+json || application/json]}" onto public java.lang.Object org.springframework.boot.actuate.endpoint.mvc.EndpointMvcAdapter.invoke()
2018-02-05 23:51:51.646  INFO [status-service,,,] 10852 --- [main] o.s.b.a.e.mvc.EndpointHandlerMapping     : Mapped "{[/health || /health.json],methods=[GET],produces=[application/vnd.spring-boot.actuator.v1+json || application/json]}" onto public java.lang.Object org.springframework.boot.actuate.endpoint.mvc.HealthMvcEndpoint.invoke(javax.servlet.http.HttpServletRequest,java.security.Principal)
2018-02-05 23:51:51.650  INFO [status-service,,,] 10852 --- [main] o.s.b.a.e.mvc.EndpointHandlerMapping     : Mapped "{[/configprops || /configprops.json],methods=[GET],produces=[application/vnd.spring-boot.actuator.v1+json || application/json]}" onto public java.lang.Object org.springframework.boot.actuate.endpoint.mvc.EndpointMvcAdapter.invoke()
2018-02-05 23:51:52.407  INFO [status-service,,,] 10852 --- [main] o.s.b.a.e.mvc.EndpointHandlerMapping     : Mapped "{[/features || /features.json],methods=[GET],produces=[application/vnd.spring-boot.actuator.v1+json || application/json]}" onto public java.lang.Object org.springframework.boot.actuate.endpoint.mvc.EndpointMvcAdapter.invoke()
2018-02-05 23:51:52.409  INFO [status-service,,,] 10852 --- [main] o.s.b.a.e.mvc.EndpointHandlerMapping     : Mapped "{[/dump || /dump.json],methods=[GET],produces=[application/vnd.spring-boot.actuator.v1+json || application/json]}" onto public java.lang.Object org.springframework.boot.actuate.endpoint.mvc.EndpointMvcAdapter.invoke()
2018-02-05 23:51:52.442  INFO [status-service,,,] 10852 --- [main] o.s.b.a.e.mvc.EndpointHandlerMapping     : Mapped "{[/trace || /trace.json],methods=[GET],produces=[application/vnd.spring-boot.actuator.v1+json || application/json]}" onto public java.lang.Object org.springframework.boot.actuate.endpoint.mvc.EndpointMvcAdapter.invoke()
2018-02-05 23:51:52.444  INFO [status-service,,,] 10852 --- [main] o.s.b.a.e.mvc.EndpointHandlerMapping     : Mapped "{[/env],methods=[POST]}" onto public java.lang.Object org.springframework.cloud.context.environment.EnvironmentManagerMvcEndpoint.value(java.util.Map<java.lang.String, java.lang.String>)
2018-02-05 23:51:52.445  INFO [status-service,,,] 10852 --- [main] o.s.b.a.e.mvc.EndpointHandlerMapping     : Mapped "{[/env/reset],methods=[POST]}" onto public java.util.Map<java.lang.String, java.lang.Object> org.springframework.cloud.context.environment.EnvironmentManagerMvcEndpoint.reset()
2018-02-05 23:51:52.453  INFO [status-service,,,] 10852 --- [main] o.s.b.a.e.mvc.EndpointHandlerMapping     : Mapped "{[/mappings || /mappings.json],methods=[GET],produces=[application/vnd.spring-boot.actuator.v1+json || application/json]}" onto public java.lang.Object org.springframework.boot.actuate.endpoint.mvc.EndpointMvcAdapter.invoke()
2018-02-05 23:51:54.603  INFO [status-service,,,] 10852 --- [main] o.s.s.c.ThreadPoolTaskScheduler          : Initializing ExecutorService 
2018-02-05 23:51:54.880  INFO [status-service,,,] 10852 --- [main] o.s.j.e.a.AnnotationMBeanExporter        : Registering beans for JMX exposure on startup
2018-02-05 23:51:54.904  INFO [status-service,,,] 10852 --- [main] o.s.j.e.a.AnnotationMBeanExporter        : Bean with name 'configurationPropertiesRebinder' has been autodetected for JMX exposure
2018-02-05 23:51:54.906  INFO [status-service,,,] 10852 --- [main] o.s.j.e.a.AnnotationMBeanExporter        : Bean with name 'environmentManager' has been autodetected for JMX exposure
2018-02-05 23:51:55.803  INFO [status-service,,,] 10852 --- [main] o.s.j.e.a.AnnotationMBeanExporter        : Bean with name 'refreshEndpoint' has been autodetected for JMX exposure
2018-02-05 23:51:55.806  INFO [status-service,,,] 10852 --- [main] o.s.j.e.a.AnnotationMBeanExporter        : Bean with name 'refreshScope' has been autodetected for JMX exposure
2018-02-05 23:51:55.814  INFO [status-service,,,] 10852 --- [main] o.s.j.e.a.AnnotationMBeanExporter        : Located managed bean 'environmentManager': registering with JMX server as MBean [org.springframework.cloud.context.environment:name=environmentManager,type=EnvironmentManager]
2018-02-05 23:51:55.845  INFO [status-service,,,] 10852 --- [main] o.s.j.e.a.AnnotationMBeanExporter        : Located managed bean 'refreshScope': registering with JMX server as MBean [org.springframework.cloud.context.scope.refresh:name=refreshScope,type=RefreshScope]
2018-02-05 23:51:56.619  INFO [status-service,,,] 10852 --- [main] o.s.j.e.a.AnnotationMBeanExporter        : Located managed bean 'configurationPropertiesRebinder': registering with JMX server as MBean [org.springframework.cloud.context.properties:name=configurationPropertiesRebinder,context=5313e53d,type=ConfigurationPropertiesRebinder]
2018-02-05 23:51:56.635  INFO [status-service,,,] 10852 --- [main] o.s.j.e.a.AnnotationMBeanExporter        : Located managed bean 'refreshEndpoint': registering with JMX server as MBean [org.springframework.cloud.endpoint:name=refreshEndpoint,type=RefreshEndpoint]
2018-02-05 23:51:56.772  INFO [status-service,,,] 10852 --- [main] o.s.c.support.DefaultLifecycleProcessor  : Starting beans in phase 0
2018-02-05 23:51:57.661  INFO [status-service,,,] 10852 --- [main] s.b.c.e.t.TomcatEmbeddedServletContainer : Tomcat started on port(s): 8082 (http)
2018-02-05 23:51:59.842  INFO [status-service,,,] 10852 --- [main] com.epam.StatusServiceApplication        : Started StatusServiceApplication in 72.708 seconds (JVM running for 91.71)
2018-02-05 23:56:11.916  INFO [status-service,,,] 10852 --- [http-nio-8082-exec-1] o.a.c.c.C.[Tomcat].[localhost].[/]       : Initializing Spring FrameworkServlet 'dispatcherServlet'
2018-02-05 23:56:11.932  INFO [status-service,,,] 10852 --- [http-nio-8082-exec-1] o.s.web.servlet.DispatcherServlet        : FrameworkServlet 'dispatcherServlet': initialization started
2018-02-05 23:56:13.523  INFO [status-service,,,] 10852 --- [http-nio-8082-exec-1] o.s.web.servlet.DispatcherServlet        : FrameworkServlet 'dispatcherServlet': initialization completed in 1582 ms
2018-02-05 23:56:16.011  INFO [status-service,be238ef55b7d89a7,80607726f2202609,true] 10852 --- [http-nio-8082-exec-1] com.epam.service.StatusService           : Changing status to PAID for package with ID 123
2018-02-05 23:56:16.128  INFO [status-service,be238ef55b7d89a7,80607726f2202609,true] 10852 --- [http-nio-8082-exec-1] com.epam.service.StatusService           : Status for package with ID 123 changed from null to PAID
2018-02-05 23:59:14.107  INFO [status-service,e094a3a6d58b2a2c,ddef414ef2b0c635,true] 10852 --- [http-nio-8082-exec-3] com.epam.service.StatusService           : Changing status to PAID for package with ID 123
2018-02-05 23:59:14.112  INFO [status-service,e094a3a6d58b2a2c,ddef414ef2b0c635,true] 10852 --- [http-nio-8082-exec-3] com.epam.service.StatusService           : Status for package with ID 123 changed from PAID to PAID
2018-02-06 00:06:57.341  INFO [status-service,37bdfd252dcca101,00acbc62caf8d8b6,true] 10852 --- [http-nio-8082-exec-5] com.epam.service.StatusService           : Changing status to PAID for package with ID 123
2018-02-06 00:06:57.356  INFO [status-service,37bdfd252dcca101,00acbc62caf8d8b6,true] 10852 --- [http-nio-8082-exec-5] com.epam.service.StatusService           : Status for package with ID 123 changed from PAID to PAID
2018-02-06 00:08:06.263  INFO [status-service,59f338908ac2e5bc,d96ea5adf8116d49,true] 10852 --- [http-nio-8082-exec-7] com.epam.service.StatusService           : Changing status to PAID for package with ID 123
2018-02-06 00:08:06.277  INFO [status-service,59f338908ac2e5bc,d96ea5adf8116d49,true] 10852 --- [http-nio-8082-exec-7] com.epam.service.StatusService           : Status for package with ID 123 changed from PAID to PAID
2018-02-06 00:15:29.699  INFO [status-service,f980a531d49b66b3,8ad0ac179fafc6d0,true] 10852 --- [http-nio-8082-exec-9] com.epam.service.StatusService           : Changing status to PAID for package with ID 123
2018-02-06 00:15:29.725  INFO [status-service,f980a531d49b66b3,8ad0ac179fafc6d0,true] 10852 --- [http-nio-8082-exec-9] com.epam.service.StatusService           : Status for package with ID 123 changed from PAID to PAID
2018-02-06 00:18:50.488  INFO [status-service,5d8a3a59a7bcb697,77e2607d9aa7109b,true] 10852 --- [http-nio-8082-exec-1] com.epam.service.StatusService           : Changing status to PAID for package with ID 123
2018-02-06 00:18:50.494  INFO [status-service,5d8a3a59a7bcb697,77e2607d9aa7109b,true] 10852 --- [http-nio-8082-exec-1] com.epam.service.StatusService           : Status for package with ID 123 changed from PAID to PAID
2018-02-06 00:19:50.670  INFO [status-service,a449cfa5d68d40aa,3dcdf23349aca445,true] 10852 --- [http-nio-8082-exec-2] com.epam.service.StatusService           : Changing status to PAID for package with ID 1236767
2018-02-06 00:19:50.675  INFO [status-service,a449cfa5d68d40aa,3dcdf23349aca445,true] 10852 --- [http-nio-8082-exec-2] com.epam.service.StatusService           : Status for package with ID 1236767 changed from null to PAID
2018-02-06 00:20:20.927  INFO [status-service,,,] 10852 --- [Thread-6] ationConfigEmbeddedWebApplicationContext : Closing org.springframework.boot.context.embedded.AnnotationConfigEmbeddedWebApplicationContext@5313e53d: startup date [Mon Feb 05 23:50:57 CET 2018]; parent: org.springframework.context.annotation.AnnotationConfigApplicationContext@7e8114c8
2018-02-06 00:20:22.661  INFO [status-service,,,] 10852 --- [Thread-6] o.s.c.support.DefaultLifecycleProcessor  : Stopping beans in phase 0
2018-02-06 00:20:24.486  INFO [status-service,,,] 10852 --- [Thread-6] o.s.j.e.a.AnnotationMBeanExporter        : Unregistering JMX-exposed beans on shutdown
2018-02-06 00:20:24.557  INFO [status-service,,,] 10852 --- [Thread-6] o.s.j.e.a.AnnotationMBeanExporter        : Unregistering JMX-exposed beans
